<?xml version="1.0" encoding="UTF-8"?>
<testsuite name="JUnit Jupiter" tests="17" skipped="1" failures="1" errors="1" time="13.281" hostname="Trajan" timestamp="2017-04-01T23:08:28">
<properties>
[...]
</properties>
<testcase name="taskIsAppliedToProject()" classname="com.kncept.junit5.reporter.TestHTMLReporterPluginTest" time="12.737">
<system-out><![CDATA[
unique-id: [engine:junit-jupiter]/[class:com.kncept.junit5.reporter.TestHTMLReporterPluginTest]/[method:taskIsAppliedToProject()]
display-name: taskIsAppliedToProject()
]]></system-out>
</testcase>
<testcase name="writesEnougFiles()" classname="com.kncept.junit5.reporter.html.TestHTMLReportWriterTest" time="0.016">
<system-out><![CDATA[
unique-id: [engine:junit-jupiter]/[class:com.kncept.junit5.reporter.html.TestHTMLReportWriterTest]/[method:writesEnougFiles()]
display-name: writesEnougFiles()
]]></system-out>
</testcase>
<testcase name="canFindTemplates()" classname="com.kncept.junit5.reporter.html.TestHTMLReportWriterTest" time="0">
<system-out><![CDATA[
unique-id: [engine:junit-jupiter]/[class:com.kncept.junit5.reporter.html.TestHTMLReportWriterTest]/[method:canFindTemplates()]
display-name: canFindTemplates()
]]></system-out>
</testcase>
<testcase name="category()" classname="com.kncept.junit5.reporter.html.TestHTMLReportWriterTest" time="0.003">
<system-out><![CDATA[
unique-id: [engine:junit-jupiter]/[class:com.kncept.junit5.reporter.html.TestHTMLReportWriterTest]/[method:category()]
display-name: category()
]]></system-out>
</testcase>
<testcase name="canReadProperties()" classname="com.kncept.junit5.reporter.xml.TestResultsXMLReaderTest" time="0.331">
<system-out><![CDATA[
unique-id: [engine:junit-jupiter]/[class:com.kncept.junit5.reporter.xml.TestResultsXMLReaderTest]/[method:canReadProperties()]
display-name: canReadProperties()
]]></system-out>
</testcase>
<testcase name="canReadTestCases()" classname="com.kncept.junit5.reporter.xml.TestResultsXMLReaderTest" time="0.016">
<system-out><![CDATA[
unique-id: [engine:junit-jupiter]/[class:com.kncept.junit5.reporter.xml.TestResultsXMLReaderTest]/[method:canReadTestCases()]
display-name: canReadTestCases()
]]></system-out>
</testcase>
<testcase name="canReadMultilineOutput()" classname="com.kncept.junit5.reporter.xml.TestResultsXMLReaderTest" time="0.015">
<system-out><![CDATA[
unique-id: [engine:junit-jupiter]/[class:com.kncept.junit5.reporter.xml.TestResultsXMLReaderTest]/[method:canReadMultilineOutput()]
display-name: canReadMultilineOutput()
]]></system-out>
</testcase>
<testcase name="canFindFailedTests()" classname="com.kncept.junit5.reporter.xml.TestResultsXMLReaderTest" time="0.008">
<system-out><![CDATA[
unique-id: [engine:junit-jupiter]/[class:com.kncept.junit5.reporter.xml.TestResultsXMLReaderTest]/[method:canFindFailedTests()]
display-name: canFindFailedTests()
]]></system-out>
</testcase>
<testcase name="canFindErroredTests()" classname="com.kncept.junit5.reporter.xml.TestResultsXMLReaderTest" time="0.018">
<system-out><![CDATA[
unique-id: [engine:junit-jupiter]/[class:com.kncept.junit5.reporter.xml.TestResultsXMLReaderTest]/[method:canFindErroredTests()]
display-name: canFindErroredTests()
]]></system-out>
</testcase>
<testcase name="exception()" classname="com.kncept.junit5.reporter.J5T2Test" time="0.004">
<error message="RuntimeException message" type="java.lang.RuntimeException"><![CDATA[java.lang.RuntimeException: RuntimeException message
	at com.kncept.junit5.reporter.J5T2Test.exception(J5T2Test.java:56)
	at sun.reflect.NativeMethodAccessorImpl.invoke0(java.base@9-internal/Native Method)
	at sun.reflect.NativeMethodAccessorImpl.invoke(java.base@9-internal/NativeMethodAccessorImpl.java:62)
	at sun.reflect.DelegatingMethodAccessorImpl.invoke(java.base@9-internal/DelegatingMethodAccessorImpl.java:43)
	at java.lang.reflect.Method.invoke(java.base@9-internal/Method.java:531)
	at org.junit.platform.commons.util.ReflectionUtils.invokeMethod(ReflectionUtils.java:289)
	at org.junit.jupiter.engine.execution.ExecutableInvoker.invoke(ExecutableInvoker.java:114)
	at org.junit.jupiter.engine.descriptor.MethodTestDescriptor.lambda$invokeTestMethod$7(MethodTestDescriptor.java:212)
	at org.junit.jupiter.engine.execution.ThrowableCollector.execute(ThrowableCollector.java:40)
	at org.junit.jupiter.engine.descriptor.MethodTestDescriptor.invokeTestMethod(MethodTestDescriptor.java:208)
	at org.junit.jupiter.engine.descriptor.MethodTestDescriptor.execute(MethodTestDescriptor.java:155)
	at org.junit.jupiter.engine.descriptor.MethodTestDescriptor.execute(MethodTestDescriptor.java:63)
	at org.junit.platform.engine.support.hierarchical.HierarchicalTestExecutor.lambda$execute$0(HierarchicalTestExecutor.java:80)
	at org.junit.platform.engine.support.hierarchical.SingleTestExecutor.executeSafely(SingleTestExecutor.java:66)
	at org.junit.platform.engine.support.hierarchical.HierarchicalTestExecutor.execute(HierarchicalTestExecutor.java:76)
	at org.junit.platform.engine.support.hierarchical.HierarchicalTestExecutor.lambda$execute$0(HierarchicalTestExecutor.java:87)
	at org.junit.platform.engine.support.hierarchical.SingleTestExecutor.executeSafely(SingleTestExecutor.java:66)
	at org.junit.platform.engine.support.hierarchical.HierarchicalTestExecutor.execute(HierarchicalTestExecutor.java:76)
	at org.junit.platform.engine.support.hierarchical.HierarchicalTestExecutor.lambda$execute$0(HierarchicalTestExecutor.java:87)
	at org.junit.platform.engine.support.hierarchical.SingleTestExecutor.executeSafely(SingleTestExecutor.java:66)
	at org.junit.platform.engine.support.hierarchical.HierarchicalTestExecutor.execute(HierarchicalTestExecutor.java:76)
	at org.junit.platform.engine.support.hierarchical.HierarchicalTestExecutor.execute(HierarchicalTestExecutor.java:51)
	at org.junit.platform.engine.support.hierarchical.HierarchicalTestEngine.execute(HierarchicalTestEngine.java:43)
	at org.junit.platform.launcher.core.DefaultLauncher.execute(DefaultLauncher.java:129)
	at org.junit.platform.launcher.core.DefaultLauncher.execute(DefaultLauncher.java:85)
	at org.junit.platform.console.tasks.ExecuteTestsTask.executeTests(ExecuteTestsTask.java:62)
	at org.junit.platform.console.tasks.ExecuteTestsTask.lambda$execute$0(ExecuteTestsTask.java:54)
	at org.junit.platform.console.tasks.CustomContextClassLoaderExecutor.invoke(CustomContextClassLoaderExecutor.java:33)
	at org.junit.platform.console.tasks.ExecuteTestsTask.execute(ExecuteTestsTask.java:54)
	at org.junit.platform.console.tasks.ConsoleTaskExecutor.executeTask(ConsoleTaskExecutor.java:38)
	at org.junit.platform.console.ConsoleLauncher.execute(ConsoleLauncher.java:54)
	at org.junit.platform.console.ConsoleLauncher.main(ConsoleLauncher.java:39)
]]></error>
<system-out><![CDATA[
unique-id: [engine:junit-jupiter]/[class:com.kncept.junit5.reporter.J5T2Test]/[method:exception()]
display-name: exception()
]]></system-out>
</testcase>
<testcase name="j5Stub()" classname="com.kncept.junit5.reporter.J5T2Test" time="0">
<system-out><![CDATA[
unique-id: [engine:junit-jupiter]/[class:com.kncept.junit5.reporter.J5T2Test]/[method:j5Stub()]
display-name: j5Stub()
]]></system-out>
</testcase>
<testcase name="sysout()" classname="com.kncept.junit5.reporter.J5T2Test" time="0.007">
<system-out><![CDATA[
unique-id: [engine:junit-jupiter]/[class:com.kncept.junit5.reporter.J5T2Test]/[method:sysout()]
display-name: sysout()
]]></system-out>
</testcase>
<testcase name="syserr()" classname="com.kncept.junit5.reporter.J5T2Test" time="0.011">
<system-out><![CDATA[
unique-id: [engine:junit-jupiter]/[class:com.kncept.junit5.reporter.J5T2Test]/[method:syserr()]
display-name: syserr()
]]></system-out>
</testcase>
<testcase name="errAndOut()" classname="com.kncept.junit5.reporter.J5T2Test" time="0">
<system-out><![CDATA[
unique-id: [engine:junit-jupiter]/[class:com.kncept.junit5.reporter.J5T2Test]/[method:errAndOut()]
display-name: errAndOut()
]]></system-out>
</testcase>
<testcase name="renamedTest()" classname="com.kncept.junit5.reporter.J5T2Test" time="0.003">
<system-out><![CDATA[
unique-id: [engine:junit-jupiter]/[class:com.kncept.junit5.reporter.J5T2Test]/[method:renamedTest()]
display-name: test that has been renamed
]]></system-out>
</testcase>
<testcase name="skippedTest()" classname="com.kncept.junit5.reporter.J5T2Test" time="0">
<skipped><![CDATA[public void com.kncept.junit5.reporter.J5T2Test.skippedTest() is @Disabled]]></skipped>
<system-out><![CDATA[
unique-id: [engine:junit-jupiter]/[class:com.kncept.junit5.reporter.J5T2Test]/[method:skippedTest()]
display-name: skippedTest()
]]></system-out>
</testcase>
<testcase name="failingTest()" classname="com.kncept.junit5.reporter.J5T2Test" time="0.001">
<failure message="Failure Message passed into Assertions.fail" type="org.opentest4j.AssertionFailedError"><![CDATA[org.opentest4j.AssertionFailedError: Failure Message passed into Assertions.fail
	at org.junit.jupiter.api.AssertionUtils.fail(AssertionUtils.java:34)
	at org.junit.jupiter.api.AssertionUtils.fail(AssertionUtils.java:30)
	at org.junit.jupiter.api.Assertions.fail(Assertions.java:54)
	at com.kncept.junit5.reporter.J5T2Test.failingTest(J5T2Test.java:50)
	at sun.reflect.NativeMethodAccessorImpl.invoke0(java.base@9-internal/Native Method)
	at sun.reflect.NativeMethodAccessorImpl.invoke(java.base@9-internal/NativeMethodAccessorImpl.java:62)
	at sun.reflect.DelegatingMethodAccessorImpl.invoke(java.base@9-internal/DelegatingMethodAccessorImpl.java:43)
	at java.lang.reflect.Method.invoke(java.base@9-internal/Method.java:531)
	at org.junit.platform.commons.util.ReflectionUtils.invokeMethod(ReflectionUtils.java:289)
	at org.junit.jupiter.engine.execution.ExecutableInvoker.invoke(ExecutableInvoker.java:114)
	at org.junit.jupiter.engine.descriptor.MethodTestDescriptor.lambda$invokeTestMethod$7(MethodTestDescriptor.java:212)
	at org.junit.jupiter.engine.execution.ThrowableCollector.execute(ThrowableCollector.java:40)
	at org.junit.jupiter.engine.descriptor.MethodTestDescriptor.invokeTestMethod(MethodTestDescriptor.java:208)
	at org.junit.jupiter.engine.descriptor.MethodTestDescriptor.execute(MethodTestDescriptor.java:155)
	at org.junit.jupiter.engine.descriptor.MethodTestDescriptor.execute(MethodTestDescriptor.java:63)
	at org.junit.platform.engine.support.hierarchical.HierarchicalTestExecutor.lambda$execute$0(HierarchicalTestExecutor.java:80)
	at org.junit.platform.engine.support.hierarchical.SingleTestExecutor.executeSafely(SingleTestExecutor.java:66)
	at org.junit.platform.engine.support.hierarchical.HierarchicalTestExecutor.execute(HierarchicalTestExecutor.java:76)
	at org.junit.platform.engine.support.hierarchical.HierarchicalTestExecutor.lambda$execute$0(HierarchicalTestExecutor.java:87)
	at org.junit.platform.engine.support.hierarchical.SingleTestExecutor.executeSafely(SingleTestExecutor.java:66)
	at org.junit.platform.engine.support.hierarchical.HierarchicalTestExecutor.execute(HierarchicalTestExecutor.java:76)
	at org.junit.platform.engine.support.hierarchical.HierarchicalTestExecutor.lambda$execute$0(HierarchicalTestExecutor.java:87)
	at org.junit.platform.engine.support.hierarchical.SingleTestExecutor.executeSafely(SingleTestExecutor.java:66)
	at org.junit.platform.engine.support.hierarchical.HierarchicalTestExecutor.execute(HierarchicalTestExecutor.java:76)
	at org.junit.platform.engine.support.hierarchical.HierarchicalTestExecutor.execute(HierarchicalTestExecutor.java:51)
	at org.junit.platform.engine.support.hierarchical.HierarchicalTestEngine.execute(HierarchicalTestEngine.java:43)
	at org.junit.platform.launcher.core.DefaultLauncher.execute(DefaultLauncher.java:129)
	at org.junit.platform.launcher.core.DefaultLauncher.execute(DefaultLauncher.java:85)
	at org.junit.platform.console.tasks.ExecuteTestsTask.executeTests(ExecuteTestsTask.java:62)
	at org.junit.platform.console.tasks.ExecuteTestsTask.lambda$execute$0(ExecuteTestsTask.java:54)
	at org.junit.platform.console.tasks.CustomContextClassLoaderExecutor.invoke(CustomContextClassLoaderExecutor.java:33)
	at org.junit.platform.console.tasks.ExecuteTestsTask.execute(ExecuteTestsTask.java:54)
	at org.junit.platform.console.tasks.ConsoleTaskExecutor.executeTask(ConsoleTaskExecutor.java:38)
	at org.junit.platform.console.ConsoleLauncher.execute(ConsoleLauncher.java:54)
	at org.junit.platform.console.ConsoleLauncher.main(ConsoleLauncher.java:39)
]]></failure>
<system-out><![CDATA[
unique-id: [engine:junit-jupiter]/[class:com.kncept.junit5.reporter.J5T2Test]/[method:failingTest()]
display-name: failingTest()
]]></system-out>
</testcase>
<system-out><![CDATA[
unique-id: [engine:junit-jupiter]
display-name: JUnit Jupiter
]]></system-out>
</testsuite>
